<?xml version="1.0" encoding="UTF-8"?>
<!-- Generated by org.testng.reporters.JUnitXMLReporter -->
<testsuite ignored="8" hostname="KVITSPL-0981" failures="1" tests="1" name="Surefire test" time="42.641" errors="0" timestamp="2026-08-27T10:40:15 IST">
  <testcase classname="com.fda.automation.tests.SellerOnboardingEndToEndTest" name="step1_sellerSubmitsRegistration" time="40.807">
    <failure type="org.openqa.selenium.TimeoutException" message="Expected condition failed: waiting for element to be clickable: By.cssSelector: div[data-index=&amp;quot;productInformationStep&amp;quot;] button[data-index=&amp;quot;submitButton&amp;quot;] (tried for 10 second(s) with 500 milliseconds interval)
Build info: version: &amp;apos;4.33.0&amp;apos;, revision: &amp;apos;2c6aaad03a&amp;apos;
System info: os.name: &amp;apos;Windows 11&amp;apos;, os.arch: &amp;apos;amd64&amp;apos;, os.version: &amp;apos;10.0&amp;apos;, java.version: &amp;apos;26.0.1&amp;apos;
Driver info: org.openqa.selenium.chrome.ChromeDriver
Capabilities {acceptInsecureCerts: false, browserName: chrome, browserVersion: 151.0.7922.174, chrome: {chromedriverVersion: 151.0.7922.138 (41fa8244239..., userDataDir: C:\Users\PRANGY~1\AppData\L...}, fedcm:accounts: true, goog:chromeOptions: {debuggerAddress: localhost:63810}, goog:processID: 11152, networkConnectionEnabled: false, pageLoadStrategy: normal, platformName: windows, proxy: Proxy(), se:cdp: ws://localhost:63810/devtoo..., se:cdpVersion: 151.0.7922.174, setWindowRect: true, strictFileInteractability: false, timeouts: {implicit: 0, pageLoad: 300000, script: 30000}, unhandledPromptBehavior: dismiss and notify, webauthn:extension:credBlob: true, webauthn:extension:largeBlob: true, webauthn:extension:minPinLength: true, webauthn:extension:prf: true, webauthn:virtualAuthenticators: true}
Session ID: 708d1cfa996c5223a126f07fabf9ed60">
      <![CDATA[org.openqa.selenium.TimeoutException: Expected condition failed: waiting for element to be clickable: By.cssSelector: div[data-index="productInformationStep"] button[data-index="submitButton"] (tried for 10 second(s) with 500 milliseconds interval)
Build info: version: '4.33.0', revision: '2c6aaad03a'
System info: os.name: 'Windows 11', os.arch: 'amd64', os.version: '10.0', java.version: '26.0.1'
Driver info: org.openqa.selenium.chrome.ChromeDriver
Capabilities {acceptInsecureCerts: false, browserName: chrome, browserVersion: 151.0.7922.174, chrome: {chromedriverVersion: 151.0.7922.138 (41fa8244239..., userDataDir: C:\Users\PRANGY~1\AppData\L...}, fedcm:accounts: true, goog:chromeOptions: {debuggerAddress: localhost:63810}, goog:processID: 11152, networkConnectionEnabled: false, pageLoadStrategy: normal, platformName: windows, proxy: Proxy(), se:cdp: ws://localhost:63810/devtoo..., se:cdpVersion: 151.0.7922.174, setWindowRect: true, strictFileInteractability: false, timeouts: {implicit: 0, pageLoad: 300000, script: 30000}, unhandledPromptBehavior: dismiss and notify, webauthn:extension:credBlob: true, webauthn:extension:largeBlob: true, webauthn:extension:minPinLength: true, webauthn:extension:prf: true, webauthn:virtualAuthenticators: true}
Session ID: 708d1cfa996c5223a126f07fabf9ed60
at org.openqa.selenium.support.ui.WebDriverWait.timeoutException(WebDriverWait.java:84)
at org.openqa.selenium.support.ui.FluentWait.until(FluentWait.java:228)
at com.fda.automation.base.BasePage.waitForClickable(BasePage.java:28)
at com.fda.automation.base.BasePage.click(BasePage.java:42)
at com.fda.automation.pages.SellerRegistrationPage.clickSubmitAndWaitForConfirmation(SellerRegistrationPage.java:232)
at com.fda.automation.pages.SellerRegistrationPage.fillProductInfoAndSubmit(SellerRegistrationPage.java:225)
at com.fda.automation.pages.SellerRegistrationPage.completeRegistration(SellerRegistrationPage.java:249)
at com.fda.automation.tests.SellerOnboardingEndToEndTest.step1_sellerSubmitsRegistration(SellerOnboardingEndToEndTest.java:64)
at java.base/java.util.ArrayList.forEach(ArrayList.java:1612)
... Removed 30 stack frames]]>
    </failure>
  </testcase> <!-- step1_sellerSubmitsRegistration -->
  <testcase classname="com.fda.automation.tests.SellerOnboardingEndToEndTest" name="step5_sellerUploadsDocuments" time="0.0">
    <ignored/>
  </testcase> <!-- step5_sellerUploadsDocuments -->
  <testcase classname="com.fda.automation.tests.SellerOnboardingEndToEndTest" name="step4_preApprovalEmailReceivedAndLinkExtracted" time="0.0">
    <ignored/>
  </testcase> <!-- step4_preApprovalEmailReceivedAndLinkExtracted -->
  <testcase classname="com.fda.automation.tests.SellerOnboardingEndToEndTest" name="step3_middlewarePreApproval" time="0.0">
    <ignored/>
  </testcase> <!-- step3_middlewarePreApproval -->
  <testcase classname="com.fda.automation.tests.SellerOnboardingEndToEndTest" name="step9_kiboLocationRespondsOk" time="0.0">
    <ignored/>
  </testcase> <!-- step9_kiboLocationRespondsOk -->
  <testcase classname="com.fda.automation.tests.SellerOnboardingEndToEndTest" name="step6_middlewareFinalApproval" time="0.0">
    <ignored/>
  </testcase> <!-- step6_middlewareFinalApproval -->
  <testcase classname="com.fda.automation.tests.SellerOnboardingEndToEndTest" name="step7_finalApprovalEmailReceived" time="0.0">
    <ignored/>
  </testcase> <!-- step7_finalApprovalEmailReceived -->
  <testcase classname="com.fda.automation.tests.SellerOnboardingEndToEndTest" name="step8_shopExistsInMirakl" time="0.0">
    <ignored/>
  </testcase> <!-- step8_shopExistsInMirakl -->
  <testcase classname="com.fda.automation.tests.SellerOnboardingEndToEndTest" name="step2_registrationConfirmationEmailReceived" time="0.0">
    <ignored/>
  </testcase> <!-- step2_registrationConfirmationEmailReceived -->
</testsuite> <!-- Surefire test -->
