<?xml version="1.0" encoding="UTF-8"?>
<!-- Generated by org.testng.reporters.JUnitXMLReporter -->
<testsuite ignored="0" hostname="KVITSPL-0981" failures="0" tests="3" name="Default test" time="16.744" errors="0" timestamp="2026-08-19T17:13:10 IST">
  <testcase classname="com.fda.automation.tests.LoginTest" name="testEmptyCredentialsShowsError" time="4.853"/>
  <testcase classname="com.fda.automation.tests.LoginTest" name="testInvalidPasswordShowsError" time="4.3"/>
  <testcase classname="com.fda.automation.tests.LoginTest" name="testSuccessfulLogin" time="4.346"/>
</testsuite> <!-- Default test -->
