<?xml version="1.0" encoding="UTF-8"?>
<!-- Generated by org.testng.reporters.JUnitXMLReporter -->
<testsuite ignored="0" hostname="KVITSPL-0977" failures="1" tests="1" name="TC_FBS_001_Resume" time="63.345" errors="0" timestamp="2026-08-20T14:48:21 IST">
  <testcase classname="com.fda.automation.tests.fbs.TC_FBS_001_Resume_Test" name="resumeRemainingMiraklActions" time="61.562">
    <failure type="org.openqa.selenium.TimeoutException" message="Expected condition failed: waiting for element to be clickable: By.xpath: //button[contains(translate(normalize-space(.),&amp;apos;ABCDEFGHIJKLMNOPQRSTUVWXYZ&amp;apos;,&amp;apos;abcdefghijklmnopqrstuvwxyz&amp;apos;),&amp;apos;mark as received&amp;apos;)] (tried for 10 second(s) with 500 milliseconds interval)
Build info: version: &amp;apos;4.33.0&amp;apos;, revision: &amp;apos;2c6aaad03a&amp;apos;
System info: os.name: &amp;apos;Windows 11&amp;apos;, os.arch: &amp;apos;amd64&amp;apos;, os.version: &amp;apos;10.0&amp;apos;, java.version: &amp;apos;26.0.1&amp;apos;
Driver info: org.openqa.selenium.chrome.ChromeDriver
Capabilities {acceptInsecureCerts: false, browserName: chrome, browserVersion: 151.0.7922.138, chrome: {chromedriverVersion: 151.0.7922.138 (41fa8244239..., userDataDir: C:\Users\DARSHA~1\AppData\L...}, fedcm:accounts: true, goog:chromeOptions: {debuggerAddress: localhost:57262}, goog:processID: 2056, networkConnectionEnabled: false, pageLoadStrategy: normal, platformName: windows, proxy: Proxy(), se:cdp: ws://localhost:57262/devtoo..., se:cdpVersion: 151.0.7922.138, setWindowRect: true, strictFileInteractability: false, timeouts: {implicit: 0, pageLoad: 300000, script: 30000}, unhandledPromptBehavior: dismiss and notify, webauthn:extension:credBlob: true, webauthn:extension:largeBlob: true, webauthn:extension:minPinLength: true, webauthn:extension:prf: true, webauthn:virtualAuthenticators: true}
Session ID: 1a78b8c4746a3f75fc922c0e040fc5e7">
      <![CDATA[org.openqa.selenium.TimeoutException: Expected condition failed: waiting for element to be clickable: By.xpath: //button[contains(translate(normalize-space(.),'ABCDEFGHIJKLMNOPQRSTUVWXYZ','abcdefghijklmnopqrstuvwxyz'),'mark as received')] (tried for 10 second(s) with 500 milliseconds interval)
Build info: version: '4.33.0', revision: '2c6aaad03a'
System info: os.name: 'Windows 11', os.arch: 'amd64', os.version: '10.0', java.version: '26.0.1'
Driver info: org.openqa.selenium.chrome.ChromeDriver
Capabilities {acceptInsecureCerts: false, browserName: chrome, browserVersion: 151.0.7922.138, chrome: {chromedriverVersion: 151.0.7922.138 (41fa8244239..., userDataDir: C:\Users\DARSHA~1\AppData\L...}, fedcm:accounts: true, goog:chromeOptions: {debuggerAddress: localhost:57262}, goog:processID: 2056, networkConnectionEnabled: false, pageLoadStrategy: normal, platformName: windows, proxy: Proxy(), se:cdp: ws://localhost:57262/devtoo..., se:cdpVersion: 151.0.7922.138, setWindowRect: true, strictFileInteractability: false, timeouts: {implicit: 0, pageLoad: 300000, script: 30000}, unhandledPromptBehavior: dismiss and notify, webauthn:extension:credBlob: true, webauthn:extension:largeBlob: true, webauthn:extension:minPinLength: true, webauthn:extension:prf: true, webauthn:virtualAuthenticators: true}
Session ID: 1a78b8c4746a3f75fc922c0e040fc5e7
at org.openqa.selenium.support.ui.WebDriverWait.timeoutException(WebDriverWait.java:84)
at org.openqa.selenium.support.ui.FluentWait.until(FluentWait.java:228)
at com.fda.automation.base.BasePage.waitForClickable(BasePage.java:28)
at com.fda.automation.base.BasePage.click(BasePage.java:47)
at com.fda.automation.pages.mirakl.MiraklOrderDetailsPage.markAsReceived(MiraklOrderDetailsPage.java:175)
at com.fda.automation.tests.fbs.TC_FBS_001_Resume_Test.markOrderAsReceived(TC_FBS_001_Resume_Test.java:119)
at com.fda.automation.tests.fbs.TC_FBS_001_Resume_Test.resumeRemainingMiraklActions(TC_FBS_001_Resume_Test.java:59)
at java.base/java.util.ArrayList.forEach(ArrayList.java:1612)
... Removed 29 stack frames]]>
    </failure>
  </testcase> <!-- resumeRemainingMiraklActions -->
</testsuite> <!-- TC_FBS_001_Resume -->
