<?xml version="1.0" encoding="UTF-8"?>
<!-- Generated by org.testng.reporters.JUnitXMLReporter -->
<testsuite ignored="0" hostname="KVITSPL-0977" failures="1" tests="1" name="TC_FBS_001" time="365.64" errors="0" timestamp="2026-08-25T11:13:56 IST">
  <testcase classname="com.fda.automation.tests.fbs.TC_FBS_001_Test" name="verifyFbsOrderLifecycle" time="363.029">
    <failure type="java.lang.AssertionError" message="Kibo shipment delivery type was not &amp;apos;FBS&amp;apos; expected [FBS] but found [FBO]">
      <![CDATA[java.lang.AssertionError: Kibo shipment delivery type was not 'FBS' expected [FBS] but found [FBO]
at com.fda.automation.tests.fbs.TC_FBS_001_Test.verifyShipmentDeliveryType(TC_FBS_001_Test.java:359)
at com.fda.automation.tests.fbs.TC_FBS_001_Test.verifyFbsOrderLifecycle(TC_FBS_001_Test.java:71)
at java.base/java.util.concurrent.Executors$RunnableAdapter.call(Executors.java:572)
at java.base/java.util.concurrent.FutureTask.run(FutureTask.java:317)
at java.base/java.util.concurrent.ThreadPoolExecutor.runWorker(ThreadPoolExecutor.java:1144)
at java.base/java.util.concurrent.ThreadPoolExecutor$Worker.run(ThreadPoolExecutor.java:642)
at java.base/java.lang.Thread.run(Thread.java:1583)
... Removed 16 stack frames]]>
    </failure>
  </testcase> <!-- verifyFbsOrderLifecycle -->
</testsuite> <!-- TC_FBS_001 -->
