<?xml version="1.0" encoding="UTF-8"?>
<testng-results ignored="0" total="1" passed="1" failed="0" skipped="0">
  <reporter-output>
  </reporter-output>
  <suite started-at="2026-08-31T10:22:25 IST" name="Seller Onboarding Suite" finished-at="2026-08-31T10:34:55 IST" duration-ms="749862">
    <groups>
      <group name="smoke">
        <method signature="SellerOnboardingEndToEndTest.sellerOnboardingEndToEnd()[pri:0, instance:com.fda.automation.tests.SellerOnboardingEndToEndTest@4241e0f4]" name="sellerOnboardingEndToEnd" class="com.fda.automation.tests.SellerOnboardingEndToEndTest"/>
      </group> <!-- smoke -->
    </groups>
    <test started-at="2026-08-31T10:22:25 IST" name="Seller Onboarding - End to End" finished-at="2026-08-31T10:34:55 IST" duration-ms="749862">
      <class name="com.fda.automation.tests.SellerOnboardingEndToEndTest">
        <test-method is-config="true" signature="setUp()[pri:0, instance:com.fda.automation.tests.SellerOnboardingEndToEndTest@4241e0f4]" started-at="2026-08-31T10:22:25 IST" name="setUp" finished-at="2026-08-31T10:22:26 IST" duration-ms="1193" status="PASS">
          <reporter-output>
          </reporter-output>
        </test-method> <!-- setUp -->
        <test-method signature="sellerOnboardingEndToEnd()[pri:0, instance:com.fda.automation.tests.SellerOnboardingEndToEndTest@4241e0f4]" started-at="2026-08-31T10:22:26 IST" name="sellerOnboardingEndToEnd" description="TC_SOB_001: seller onboarding end to end - registration -&gt; registration email -&gt; middleware pre-approval -&gt; pre-approval email -&gt; document upload -&gt; middleware final approval -&gt; final-approval email -&gt; Mirakl shop search -&gt; Kibo validation" finished-at="2026-08-31T10:34:54 IST" duration-ms="747917" status="PASS">
          <reporter-output>
          </reporter-output>
        </test-method> <!-- sellerOnboardingEndToEnd -->
        <test-method is-config="true" signature="tearDown()[pri:0, instance:com.fda.automation.tests.SellerOnboardingEndToEndTest@4241e0f4]" started-at="2026-08-31T10:34:54 IST" name="tearDown" finished-at="2026-08-31T10:34:55 IST" duration-ms="720" status="PASS">
          <reporter-output>
          </reporter-output>
        </test-method> <!-- tearDown -->
      </class> <!-- com.fda.automation.tests.SellerOnboardingEndToEndTest -->
    </test> <!-- Seller Onboarding - End to End -->
  </suite> <!-- Seller Onboarding Suite -->
</testng-results>
