<?xml version="1.0" encoding="UTF-8"?>
<testsuite xmlns:xsi="http://www.w3.org/2001/XMLSchema-instance" xsi:noNamespaceSchemaLocation="https://maven.apache.org/surefire/maven-surefire-plugin/xsd/surefire-test-report.xsd" version="3.0.1" name="TestSuite" time="487.603" tests="1" errors="0" skipped="0" failures="0">
  <properties>
[...]
</properties>
  <testcase name="verifyFbsOrderLifecycle" classname="com.fda.automation.tests.fbs.TC_FBS_001_Test" time="482.822">
    <system-out><![CDATA[11:23:53.201 [INFO ] [main] com.fda.automation.listeners.TestListener — === Suite started: All Tests ===
11:23:53.702 [INFO ] [TestNG-test-All Tests-1] io.github.bonigarcia.wdm.WebDriverManager — Using chromedriver 151.0.7922.138 (resolved driver for Chrome 151)
11:23:53.730 [INFO ] [TestNG-test-All Tests-1] io.github.bonigarcia.wdm.WebDriverManager — Exporting webdriver.chrome.driver as C:\Users\DarshanMK\.cache\selenium\chromedriver\win64\151.0.7922.138\chromedriver.exe
11:23:55.054 [INFO ] [TestNG-test-All Tests-1] com.fda.automation.base.BaseTest — Browser started [thread=39]
11:23:55.056 [INFO ] [TestNG-test-All Tests-1] com.fda.automation.listeners.TestListener — >>> START: verifyFbsOrderLifecycle
11:24:03.122 [INFO ] [TestNG-test-All Tests-1] com.fda.automation.base.BasePage — Logging into FDA as: darshanmk+1@kognivera.com
11:24:18.999 [INFO ] [TestNG-test-All Tests-1] com.fda.automation.base.BasePage — Logging into Mirakl as: darshanmk@kognivera.com
11:24:24.480 [INFO ] [TestNG-test-All Tests-1] com.fda.automation.base.BasePage — Mirakl MFA challenge displayed - waiting up to PT5M for the code to be entered manually in the browser window
11:24:51.950 [INFO ] [TestNG-test-All Tests-1] com.fda.automation.base.BasePage — Searching FDA storefront for SKU: 3333226108
11:24:58.905 [INFO ] [TestNG-test-All Tests-1] com.fda.automation.base.BasePage — Adding product to cart from PDP
11:25:41.863 [INFO ] [TestNG-test-All Tests-1] com.fda.automation.base.BasePage — Submitting payment / placing order
11:25:51.039 [INFO ] [TestNG-test-All Tests-1] com.fda.automation.base.BasePage — Completing Adyen 3D Secure test challenge
11:25:56.930 [INFO ] [TestNG-test-All Tests-1] com.fda.automation.base.BasePage — Captured FDA order id: 4000292462
11:31:18.724 [INFO ] [TestNG-test-All Tests-1] com.fda.automation.utils.PollingUtils — Polling condition met on attempt 16
11:31:20.280 [INFO ] [TestNG-test-All Tests-1] com.fda.automation.base.BasePage — Accepting Mirakl order
11:31:22.123 [INFO ] [TestNG-test-All Tests-1] com.fda.automation.utils.PollingUtils — Polling condition met on attempt 1
11:31:22.203 [INFO ] [TestNG-test-All Tests-1] com.fda.automation.api.kibo.KiboAuthService — Requesting Kibo access token from https://t1000490-s1000992.sb.usc1.gcp.kibocommerce.com/api/platform/applications/authtickets/oauth
11:31:29.408 [INFO ] [TestNG-test-All Tests-1] com.fda.automation.api.kibo.KiboAuthService — Kibo access token obtained successfully
11:31:31.198 [INFO ] [TestNG-test-All Tests-1] com.fda.automation.api.kibo.KiboOrdersService — Matched Kibo order for FDA order 4000292462
11:31:31.198 [INFO ] [TestNG-test-All Tests-1] com.fda.automation.utils.PollingUtils — Polling condition met on attempt 1
11:31:32.021 [INFO ] [TestNG-test-All Tests-1] com.fda.automation.api.kibo.KiboShipmentService — Kibo shipment lookup for order 1b8d8d0a498d9800018ab061000f442a returned deliveryType=FBS
11:31:35.219 [INFO ] [TestNG-test-All Tests-1] com.fda.automation.base.BasePage — Confirming invoice upload
11:31:40.304 [INFO ] [TestNG-test-All Tests-1] com.fda.automation.base.BasePage — Saving DHL tracking information
11:31:43.387 [INFO ] [TestNG-test-All Tests-1] com.fda.automation.base.BasePage — Marking Mirakl order as Shipped
11:31:49.748 [INFO ] [TestNG-test-All Tests-1] com.fda.automation.utils.PollingUtils — Polling condition met on attempt 2
11:31:51.515 [INFO ] [TestNG-test-All Tests-1] com.fda.automation.base.BasePage — Marking Mirakl order as Received
11:31:57.802 [INFO ] [TestNG-test-All Tests-1] com.fda.automation.utils.PollingUtils — Polling condition met on attempt 2
11:31:57.862 [INFO ] [TestNG-test-All Tests-1] com.fda.automation.listeners.TestListener — >>> PASS:  verifyFbsOrderLifecycle
]]></system-out>
  </testcase>
</testsuite>