<?xml version="1.0" encoding="UTF-8"?>
<testng-results ignored="0" total="1" passed="1" failed="0" skipped="0">
  <reporter-output>
  </reporter-output>
  <suite started-at="2026-08-25T11:23:53 IST" name="FDA Test Automation Suite" finished-at="2026-08-25T11:31:59 IST" duration-ms="486342">
    <groups>
      <group name="fbs">
        <method signature="TC_FBS_001_Test.verifyFbsOrderLifecycle()[pri:0, instance:com.fda.automation.tests.fbs.TC_FBS_001_Test@42530531]" name="verifyFbsOrderLifecycle" class="com.fda.automation.tests.fbs.TC_FBS_001_Test"/>
      </group> <!-- fbs -->
      <group name="regression">
        <method signature="TC_FBS_001_Test.verifyFbsOrderLifecycle()[pri:0, instance:com.fda.automation.tests.fbs.TC_FBS_001_Test@42530531]" name="verifyFbsOrderLifecycle" class="com.fda.automation.tests.fbs.TC_FBS_001_Test"/>
      </group> <!-- regression -->
    </groups>
    <test started-at="2026-08-25T11:23:53 IST" name="All Tests" finished-at="2026-08-25T11:31:59 IST" duration-ms="486342">
      <class name="com.fda.automation.tests.fbs.TC_FBS_001_Test">
        <test-method is-config="true" signature="setUp()[pri:0, instance:com.fda.automation.tests.fbs.TC_FBS_001_Test@42530531]" started-at="2026-08-25T11:23:53 IST" name="setUp" finished-at="2026-08-25T11:23:55 IST" duration-ms="1815" status="PASS">
          <reporter-output>
          </reporter-output>
        </test-method> <!-- setUp -->
        <test-method signature="verifyFbsOrderLifecycle()[pri:0, instance:com.fda.automation.tests.fbs.TC_FBS_001_Test@42530531]" started-at="2026-08-25T11:23:55 IST" name="verifyFbsOrderLifecycle" description="Verify the complete FBS order lifecycle across FDA, Mirakl and Kibo" finished-at="2026-08-25T11:31:57 IST" duration-ms="482806" status="PASS">
          <reporter-output>
          </reporter-output>
        </test-method> <!-- verifyFbsOrderLifecycle -->
        <test-method is-config="true" signature="tearDown()[pri:0, instance:com.fda.automation.tests.fbs.TC_FBS_001_Test@42530531]" started-at="2026-08-25T11:31:57 IST" name="tearDown" finished-at="2026-08-25T11:31:59 IST" duration-ms="1663" status="PASS">
          <reporter-output>
          </reporter-output>
        </test-method> <!-- tearDown -->
      </class> <!-- com.fda.automation.tests.fbs.TC_FBS_001_Test -->
    </test> <!-- All Tests -->
  </suite> <!-- FDA Test Automation Suite -->
</testng-results>
