<?xml version="1.0" encoding="UTF-8"?>
<testng-results ignored="0" total="1" passed="0" failed="1" skipped="0">
  <reporter-output>
  </reporter-output>
  <suite started-at="2026-09-03T14:28:55 IST" name="Default suite" finished-at="2026-09-03T14:31:55 IST" duration-ms="180406">
    <groups>
      <group name="fbs">
        <method signature="TC_FBS_007_Test.verifyFbsOrderLifecycleWithPayPal()[pri:0, instance:com.fda.automation.tests.fbs.TC_FBS_007_Test@614df0a4]" name="verifyFbsOrderLifecycleWithPayPal" class="com.fda.automation.tests.fbs.TC_FBS_007_Test"/>
      </group> <!-- fbs -->
      <group name="regression">
        <method signature="TC_FBS_007_Test.verifyFbsOrderLifecycleWithPayPal()[pri:0, instance:com.fda.automation.tests.fbs.TC_FBS_007_Test@614df0a4]" name="verifyFbsOrderLifecycleWithPayPal" class="com.fda.automation.tests.fbs.TC_FBS_007_Test"/>
      </group> <!-- regression -->
    </groups>
    <test started-at="2026-09-03T14:28:55 IST" name="Default test" finished-at="2026-09-03T14:31:55 IST" duration-ms="180406">
      <class name="com.fda.automation.tests.fbs.TC_FBS_007_Test">
        <test-method is-config="true" signature="setUp()[pri:0, instance:com.fda.automation.tests.fbs.TC_FBS_007_Test@614df0a4]" started-at="2026-09-03T14:28:55 IST" name="setUp" finished-at="2026-09-03T14:29:05 IST" duration-ms="10647" status="PASS">
          <reporter-output>
          </reporter-output>
        </test-method> <!-- setUp -->
        <test-method signature="verifyFbsOrderLifecycleWithPayPal()[pri:0, instance:com.fda.automation.tests.fbs.TC_FBS_007_Test@614df0a4]" started-at="2026-09-03T14:29:05 IST" name="verifyFbsOrderLifecycleWithPayPal" description="Verify the complete FBS order lifecycle across FDA, Mirakl and Kibo, paid via PayPal" finished-at="2026-09-03T14:31:54 IST" duration-ms="168785" status="FAIL">
          <exception class="org.openqa.selenium.TimeoutException">
            <message>
              <![CDATA[Expected condition failed: waiting for element to be clickable: By.xpath: //button[contains(normalize-space(.),'Pagar')] (tried for 10 second(s) with 500 milliseconds interval)
Build info: version: '4.33.0', revision: '2c6aaad03a'
System info: os.name: 'Windows 11', os.arch: 'amd64', os.version: '10.0', java.version: '21.0.11'
Driver info: org.openqa.selenium.chrome.ChromeDriver
Capabilities {acceptInsecureCerts: false, browserName: chrome, browserVersion: 152.0.7977.75, chrome: {chromedriverVersion: 152.0.7977.75 (4999cc1efed3..., userDataDir: C:\Users\DARSHA~1\AppData\L...}, fedcm:accounts: true, goog:chromeOptions: {debuggerAddress: localhost:65465}, goog:processID: 30092, networkConnectionEnabled: false, pageLoadStrategy: normal, platformName: windows, proxy: Proxy(), se:cdp: ws://localhost:65465/devtoo..., se:cdpVersion: 152.0.7977.75, setWindowRect: true, strictFileInteractability: false, timeouts: {implicit: 0, pageLoad: 300000, script: 30000}, unhandledPromptBehavior: dismiss and notify, webauthn:extension:credBlob: true, webauthn:extension:largeBlob: true, webauthn:extension:minPinLength: true, webauthn:extension:prf: true, webauthn:virtualAuthenticators: true}
Session ID: da24c264aa1d37b18d89c1f2e08f0b92]]>
            </message>
            <full-stacktrace>
              <![CDATA[org.openqa.selenium.TimeoutException: Expected condition failed: waiting for element to be clickable: By.xpath: //button[contains(normalize-space(.),'Pagar')] (tried for 10 second(s) with 500 milliseconds interval)
Build info: version: '4.33.0', revision: '2c6aaad03a'
System info: os.name: 'Windows 11', os.arch: 'amd64', os.version: '10.0', java.version: '21.0.11'
Driver info: org.openqa.selenium.chrome.ChromeDriver
Capabilities {acceptInsecureCerts: false, browserName: chrome, browserVersion: 152.0.7977.75, chrome: {chromedriverVersion: 152.0.7977.75 (4999cc1efed3..., userDataDir: C:\Users\DARSHA~1\AppData\L...}, fedcm:accounts: true, goog:chromeOptions: {debuggerAddress: localhost:65465}, goog:processID: 30092, networkConnectionEnabled: false, pageLoadStrategy: normal, platformName: windows, proxy: Proxy(), se:cdp: ws://localhost:65465/devtoo..., se:cdpVersion: 152.0.7977.75, setWindowRect: true, strictFileInteractability: false, timeouts: {implicit: 0, pageLoad: 300000, script: 30000}, unhandledPromptBehavior: dismiss and notify, webauthn:extension:credBlob: true, webauthn:extension:largeBlob: true, webauthn:extension:minPinLength: true, webauthn:extension:prf: true, webauthn:virtualAuthenticators: true}
Session ID: da24c264aa1d37b18d89c1f2e08f0b92
at org.openqa.selenium.support.ui.WebDriverWait.timeoutException(WebDriverWait.java:84)
at org.openqa.selenium.support.ui.FluentWait.until(FluentWait.java:228)
at com.fda.automation.pages.fda.FdaPaymentPage.clickPayPalPagarButton(FdaPaymentPage.java:105)
at com.fda.automation.tests.fbs.TC_FBS_007_Test.completeCheckoutAndPlaceOrderWithPayPal(TC_FBS_007_Test.java:160)
at com.fda.automation.tests.fbs.TC_FBS_007_Test.verifyFbsOrderLifecycleWithPayPal(TC_FBS_007_Test.java:73)
at java.base/jdk.internal.reflect.DirectMethodHandleAccessor.invoke(DirectMethodHandleAccessor.java:103)
at java.base/java.lang.reflect.Method.invoke(Method.java:580)
at org.testng.internal.invokers.MethodInvocationHelper.invokeMethod(MethodInvocationHelper.java:141)
at org.testng.internal.invokers.TestInvoker.invokeMethod(TestInvoker.java:686)
at org.testng.internal.invokers.TestInvoker.invokeTestMethod(TestInvoker.java:230)
at org.testng.internal.invokers.MethodRunner.runInSequence(MethodRunner.java:63)
at org.testng.internal.invokers.TestInvoker$MethodInvocationAgent.invoke(TestInvoker.java:992)
at org.testng.internal.invokers.TestInvoker.invokeTestMethods(TestInvoker.java:203)
at org.testng.internal.invokers.TestMethodWorker.invokeTestMethods(TestMethodWorker.java:154)
at org.testng.internal.invokers.TestMethodWorker.run(TestMethodWorker.java:134)
at java.base/java.util.ArrayList.forEach(ArrayList.java:1596)
at org.testng.TestRunner.privateRun(TestRunner.java:739)
at org.testng.TestRunner.run(TestRunner.java:614)
at org.testng.SuiteRunner.runTest(SuiteRunner.java:421)
at org.testng.SuiteRunner.runSequentially(SuiteRunner.java:413)
at org.testng.SuiteRunner.privateRun(SuiteRunner.java:373)
at org.testng.SuiteRunner.run(SuiteRunner.java:312)
at org.testng.SuiteRunnerWorker.runSuite(SuiteRunnerWorker.java:52)
at org.testng.SuiteRunnerWorker.run(SuiteRunnerWorker.java:95)
at org.testng.TestNG.runSuitesSequentially(TestNG.java:1274)
at org.testng.TestNG.runSuitesLocally(TestNG.java:1208)
at org.testng.TestNG.runSuites(TestNG.java:1112)
at org.testng.TestNG.run(TestNG.java:1079)
at org.testng.remote.AbstractRemoteTestNG.run(AbstractRemoteTestNG.java:115)
at org.testng.remote.RemoteTestNG.initAndRun(RemoteTestNG.java:293)
at org.testng.remote.RemoteTestNG.main(RemoteTestNG.java:91)
]]>
            </full-stacktrace>
          </exception> <!-- org.openqa.selenium.TimeoutException -->
          <reporter-output>
          </reporter-output>
        </test-method> <!-- verifyFbsOrderLifecycleWithPayPal -->
        <test-method is-config="true" signature="tearDown()[pri:0, instance:com.fda.automation.tests.fbs.TC_FBS_007_Test@614df0a4]" started-at="2026-09-03T14:31:54 IST" name="tearDown" finished-at="2026-09-03T14:31:55 IST" duration-ms="911" status="PASS">
          <reporter-output>
          </reporter-output>
        </test-method> <!-- tearDown -->
      </class> <!-- com.fda.automation.tests.fbs.TC_FBS_007_Test -->
    </test> <!-- Default test -->
  </suite> <!-- Default suite -->
</testng-results>
