<?xml version="1.0" encoding="UTF-8"?>
<!-- Generated by org.testng.reporters.JUnitReportReporter -->
<testsuite hostname="KVITSPL-0977" failures="0" tests="1" name="com.fda.automation.tests.fbs.TC_FBS_006_Test" time="508.721" errors="0" timestamp="2026-09-01T16:03:57 IST" skipped="0">
  <testcase classname="com.fda.automation.tests.fbs.TC_FBS_006_Test" name="verifyFbsOrderWithTwoProductsAndTwoQuantitiesFromTwoSellers" time="508.721"/>
</testsuite> <!-- com.fda.automation.tests.fbs.TC_FBS_006_Test -->
