<?xml version="1.0" encoding="UTF-8"?>
<!-- Generated by org.testng.reporters.JUnitReportReporter -->
<testsuite hostname="KVITSPL-0981" failures="0" tests="3" name="com.fda.automation.tests.LoginTest" time="16.702" errors="0" timestamp="2026-08-19T17:13:10 IST" skipped="0">
  <testcase classname="com.fda.automation.tests.LoginTest" name="testSuccessfulLogin" time="5.256"/>
  <testcase classname="com.fda.automation.tests.LoginTest" name="testInvalidPasswordShowsError" time="5.207"/>
  <testcase classname="com.fda.automation.tests.LoginTest" name="testEmptyCredentialsShowsError" time="6.239"/>
</testsuite> <!-- com.fda.automation.tests.LoginTest -->
