<?xml version="1.0" encoding="UTF-8"?>
<!-- Generated by org.testng.reporters.JUnitReportReporter -->
<testsuite hostname="KVITSPL-0981" failures="0" tests="1" name="com.fda.automation.tests.MiraklShopSearchVerificationTest" time="40.557" errors="0" timestamp="2026-08-27T16:47:36 IST" skipped="0">
  <testcase classname="com.fda.automation.tests.MiraklShopSearchVerificationTest" name="verifyExistingShopIsSearchable" time="40.557"/>
</testsuite> <!-- com.fda.automation.tests.MiraklShopSearchVerificationTest -->
